  main.cpp
C:\Users\swann\Documents\github\OpenGL_Project\Pl4tF0rM3r\main.cpp(21,19): warning C4244: '+=' : conversion de 'double' en 'float', perte possible de données
C:\Users\swann\Documents\github\OpenGL_Project\Pl4tF0rM3r\main.cpp(67,10): warning C4244: '=' : conversion de 'int' en 'float', perte possible de données
C:\Users\swann\Documents\github\OpenGL_Project\Pl4tF0rM3r\main.cpp(68,11): warning C4244: '=' : conversion de 'int' en 'float', perte possible de données
C:\Users\swann\Documents\github\OpenGL_Project\Pl4tF0rM3r\main.cpp(84,35): warning C4244: 'argument' : conversion de 'float' en 'int', perte possible de données
C:\Users\swann\Documents\github\OpenGL_Project\Pl4tF0rM3r\main.cpp(84,28): warning C4244: 'argument' : conversion de 'float' en 'int', perte possible de données
  objloader.cpp
  shader.cpp
  vboindexer.cpp
  Camera.cpp
C:\Users\swann\Documents\github\OpenGL_Project\Pl4tF0rM3r\Pl4tF0rM3r\Camera.cpp(121,31): warning C4244: '=' : conversion de 'double' en 'float', perte possible de données
C:\Users\swann\Documents\github\OpenGL_Project\Pl4tF0rM3r\Pl4tF0rM3r\Camera.cpp(126,29): warning C4244: '=' : conversion de 'double' en 'float', perte possible de données
  Mesh.cpp
C:\Users\swann\Documents\github\OpenGL_Project\Pl4tF0rM3r\Pl4tF0rM3r\Mesh.cpp(40,34): warning C4267: '=' : conversion de 'size_t' en 'int', perte possible de données
C:\Users\swann\Documents\github\OpenGL_Project\Pl4tF0rM3r\Pl4tF0rM3r\Mesh.cpp(219,2): warning C4267: 'argument' : conversion de 'size_t' en 'GLsizei', perte possible de données
  Génération de code en cours
  Previous IPDB not found, fall back to full compilation.
  All 744 functions were compiled because no usable IPDB/IOBJ from previous compilation was found.
  Fin de la génération du code
  Pl4tF0rM3r.vcxproj -> C:\Users\swann\Documents\github\OpenGL_Project\Pl4tF0rM3r\x64\Release\Pl4tF0rM3r.exe
